Using pre-set license
Built from '2020.2/release' branch; Version is '2020.2.2f1 (068178b99f32) revision 426360'; Using compiler version '192528614'; Build Type 'Release'
OS: 'Windows 10 Home; OS build 18363.1316; Version 1909; 64bit' Language: 'en' Physical Memory: 16075 MB
BatchMode: 1, IsHumanControllingUs: 0, StartBugReporterOnCrash: 0, Is64bit: 1, IsPro: 0

 COMMAND LINE ARGUMENTS:
C:\Program Files\Unity\Hub\Editor\2020.2.2f1\Editor\Unity.exe
-adb2
-batchMode
-noUpm
-name
AssetImportWorker0
-projectPath
C:/Users/noora/Documents/StruvyProject/StruvyLiikkuvaKoulu
-logFile
Logs/AssetImportWorker0.log
-srvPort
49383
Successfully changed project path to: C:/Users/noora/Documents/StruvyProject/StruvyLiikkuvaKoulu
C:/Users/noora/Documents/StruvyProject/StruvyLiikkuvaKoulu
Using Asset Import Pipeline V2.
Refreshing native plugins compatible for Editor in 21.11 ms, found 0 plugins.
Preloading 0 native plugins for Editor in 0.00 ms.
Initialize engine version: 2020.2.2f1 (068178b99f32)
[Subsystems] Discovering subsystems at path C:/Program Files/Unity/Hub/Editor/2020.2.2f1/Editor/Data/Resources/UnitySubsystems
[Subsystems] Discovering subsystems at path C:/Users/noora/Documents/StruvyProject/StruvyLiikkuvaKoulu/Assets
GfxDevice: creating device client; threaded=0
Direct3D:
    Version:  Direct3D 11.0 [level 11.1]
    Renderer: Intel(R) Iris(R) Plus Graphics (ID=0x8a52)
    Vendor:   
    VRAM:     8037 MB
    Driver:   26.20.100.7870
Initialize mono
Mono path[0] = 'C:/Program Files/Unity/Hub/Editor/2020.2.2f1/Editor/Data/Managed'
Mono path[1] = 'C:/Program Files/Unity/Hub/Editor/2020.2.2f1/Editor/Data/MonoBleedingEdge/lib/mono/unityjit'
Mono config path = 'C:/Program Files/Unity/Hub/Editor/2020.2.2f1/Editor/Data/MonoBleedingEdge/etc'
Using monoOptions --debugger-agent=transport=dt_socket,embedding=1,server=y,suspend=n,address=127.0.0.1:56512
Begin MonoManager ReloadAssembly
Registering precompiled unity dll's ...
Register platform support module: C:/Program Files/Unity/Hub/Editor/2020.2.2f1/Editor/Data/PlaybackEngines/WindowsStandaloneSupport/UnityEditor.WindowsStandalone.Extensions.dll
Registered in 0.001775 seconds.
Native extension for WindowsStandalone target not found
Refreshing native plugins compatible for Editor in 22.87 ms, found 0 plugins.
Preloading 0 native plugins for Editor in 0.00 ms.
Invoked RoslynAnalysisRunner static constructor.
RoslynAnalysisRunner will not be running.
RoslynAnalysisRunner has terminated.
Mono: successfully reloaded assembly
- Completed reload, in  1.655 seconds
Platform modules already initialized, skipping
Registering precompiled user dll's ...
Registered in 0.000714 seconds.
Begin MonoManager ReloadAssembly
Native extension for WindowsStandalone target not found
Refreshing native plugins compatible for Editor in 0.26 ms, found 0 plugins.
Preloading 0 native plugins for Editor in 0.00 ms.
Invoked RoslynAnalysisRunner static constructor.
RoslynAnalysisRunner will not be running.
RoslynAnalysisRunner has terminated.
Mono: successfully reloaded assembly
- Completed reload, in  0.759 seconds
Platform modules already initialized, skipping
========================================================================
Worker process is ready to serve import requests
Launched and connected shader compiler UnityShaderCompiler.exe after 0.05 seconds
Refreshing native plugins compatible for Editor in 0.19 ms, found 0 plugins.
Preloading 0 native plugins for Editor in 0.00 ms.
Unloading 1099 Unused Serialized files (Serialized files now loaded: 0)
System memory in use before: 56.5 MB.
System memory in use after: 56.5 MB.

Unloading 10 unused Assets to reduce memory usage. Loaded Objects now: 1540.
Total: 2.719800 ms (FindLiveObjects: 0.111500 ms CreateObjectMapping: 0.030500 ms MarkObjects: 2.435700 ms  DeleteObjects: 0.140700 ms)

========================================================================
Received Import Request.
  path: Assets/Scenes/SampleScene.unity
  artifactKey: Guid(9fc0d4010bbf28b4594072e72b8655ab) Importer(815301076,1909f56bfc062723c751e8b465ee728b)
Start importing Assets/Scenes/SampleScene.unity using Guid(9fc0d4010bbf28b4594072e72b8655ab) Importer(815301076,1909f56bfc062723c751e8b465ee728b)  -> (artifact id: '9831e44e2a700a6e1119228b2d38e767') in 0.018429 seconds
  Import took 0.021302 seconds .

========================================================================
Received Import Request.
  Time since last request: 0.000882 seconds.
  path: Assets/Scenes
  artifactKey: Guid(4f1637e2cfb61534d95f18b7ec346cc1) Importer(815301076,1909f56bfc062723c751e8b465ee728b)
Start importing Assets/Scenes using Guid(4f1637e2cfb61534d95f18b7ec346cc1) Importer(815301076,1909f56bfc062723c751e8b465ee728b)  -> (artifact id: 'eaf0b7c978740ff93fec59b478b97104') in 0.008615 seconds
  Import took 0.011419 seconds .

========================================================================
Received Import Request.
  Time since last request: 11.636544 seconds.
  path: Assets/Scenes/Menu.unity
  artifactKey: Guid(9fc0d4010bbf28b4594072e72b8655ab) Importer(815301076,1909f56bfc062723c751e8b465ee728b)
Start importing Assets/Scenes/Menu.unity using Guid(9fc0d4010bbf28b4594072e72b8655ab) Importer(815301076,1909f56bfc062723c751e8b465ee728b)  -> (artifact id: '4cd661b05e155be51ab3e984bf3b9668') in 0.010489 seconds
  Import took 0.013416 seconds .

========================================================================
Received Import Request.
  Time since last request: 371.266649 seconds.
  path: Assets/background.html
  artifactKey: Guid(96578ebdca7c5c64c9f605704a2a830d) Importer(815301076,1909f56bfc062723c751e8b465ee728b)
Start importing Assets/background.html using Guid(96578ebdca7c5c64c9f605704a2a830d) Importer(815301076,1909f56bfc062723c751e8b465ee728b)  -> (artifact id: '06ba605ea4d70fd691125a090dfd5c98') in 0.034456 seconds
  Import took 0.037595 seconds .

========================================================================
Received Import Request.
  Time since last request: 191.610176 seconds.
  path: Assets/IMG_20200909_173715.jpg
  artifactKey: Guid(1e92c236db61d2c47aa1e8349cee8f11) Importer(815301076,1909f56bfc062723c751e8b465ee728b)
Start importing Assets/IMG_20200909_173715.jpg using Guid(1e92c236db61d2c47aa1e8349cee8f11) Importer(815301076,1909f56bfc062723c751e8b465ee728b)  -> (artifact id: '896d7d38ba56936c8f16bb9e635c8454') in 0.093564 seconds
  Import took 0.096538 seconds .

========================================================================
Received Import Request.
  Time since last request: 936.116292 seconds.
  path: Assets/Scenes/PaavalikkoMenu.unity
  artifactKey: Guid(7903476ef235c2d4fabb9d908f0e0d4e) Importer(815301076,1909f56bfc062723c751e8b465ee728b)
Start importing Assets/Scenes/PaavalikkoMenu.unity using Guid(7903476ef235c2d4fabb9d908f0e0d4e) Importer(815301076,1909f56bfc062723c751e8b465ee728b)  -> (artifact id: 'f2f77d7cfefc7b58fbc4b71bab22e593') in 0.011710 seconds
  Import took 0.015393 seconds .

========================================================================
Received Import Request.
  Time since last request: 8.864406 seconds.
  path: Assets/Scenes/Paavalikko.unity
  artifactKey: Guid(7903476ef235c2d4fabb9d908f0e0d4e) Importer(815301076,1909f56bfc062723c751e8b465ee728b)
Start importing Assets/Scenes/Paavalikko.unity using Guid(7903476ef235c2d4fabb9d908f0e0d4e) Importer(815301076,1909f56bfc062723c751e8b465ee728b)  -> (artifact id: 'dcf5c4d5d4f826bf45266cc83bfdcd1f') in 0.008851 seconds
  Import took 0.011313 seconds .

========================================================================
Received Import Request.
  Time since last request: 311.770327 seconds.
  path: Assets/Scenes/PeliScene.unity
  artifactKey: Guid(b4968b610b320be419e565ed21d73d7a) Importer(815301076,1909f56bfc062723c751e8b465ee728b)
Start importing Assets/Scenes/PeliScene.unity using Guid(b4968b610b320be419e565ed21d73d7a) Importer(815301076,1909f56bfc062723c751e8b465ee728b)  -> (artifact id: 'd4245957a62408903d9fc8271fb1589d') in 0.011411 seconds
  Import took 0.016852 seconds .

========================================================================
Received Import Request.
  Time since last request: 1.363304 seconds.
  path: Assets/Scenes/Menu.unity
  artifactKey: Guid(9fc0d4010bbf28b4594072e72b8655ab) Importer(815301076,1909f56bfc062723c751e8b465ee728b)
Start importing Assets/Scenes/Menu.unity using Guid(9fc0d4010bbf28b4594072e72b8655ab) Importer(815301076,1909f56bfc062723c751e8b465ee728b)  -> (artifact id: '405a41134620e056e4c00a802c75cfdd') in 0.005039 seconds
  Import took 0.008509 seconds .

========================================================================
Received Import Request.
  Time since last request: 6.521591 seconds.
  path: Assets/Scenes/Paavalikko.unity
  artifactKey: Guid(7903476ef235c2d4fabb9d908f0e0d4e) Importer(815301076,1909f56bfc062723c751e8b465ee728b)
Start importing Assets/Scenes/Paavalikko.unity using Guid(7903476ef235c2d4fabb9d908f0e0d4e) Importer(815301076,1909f56bfc062723c751e8b465ee728b)  -> (artifact id: 'e7208487a6752fab195ffc59603dd83b') in 0.004949 seconds
  Import took 0.007763 seconds .

========================================================================
Received Prepare
Registering precompiled user dll's ...
Registered in 0.000625 seconds.
Begin MonoManager ReloadAssembly
Native extension for WindowsStandalone target not found
Refreshing native plugins compatible for Editor in 0.19 ms, found 0 plugins.
Preloading 0 native plugins for Editor in 0.00 ms.
Invoked RoslynAnalysisRunner static constructor.
RoslynAnalysisRunner will not be running.
RoslynAnalysisRunner has terminated.
Mono: successfully reloaded assembly
- Completed reload, in  0.757 seconds
Platform modules already initialized, skipping
Switching build target platform(5) subTarget(0) extendedPlatform(0) -> platform(13) subTarget(537395200) extendedPlatform(0)
Refreshing native plugins compatible for Editor in 0.18 ms, found 0 plugins.
Preloading 0 native plugins for Editor in 0.00 ms.
Unloading 1098 Unused Serialized files (Serialized files now loaded: 0)
System memory in use before: 56.6 MB.
System memory in use after: 56.6 MB.

Unloading 5 unused Assets to reduce memory usage. Loaded Objects now: 1544.
Total: 1.710900 ms (FindLiveObjects: 0.154500 ms CreateObjectMapping: 0.034900 ms MarkObjects: 1.438100 ms  DeleteObjects: 0.081400 ms)

AssetImportParameters requested are different than current active one (requested -> active):
  custom:graphics/normal-map-encoding: 01000000000000000000000000000000 -> 02000000000000000000000000000000
========================================================================
Received Prepare
Refreshing native plugins compatible for Editor in 2.57 ms, found 0 plugins.
Preloading 0 native plugins for Editor in 0.00 ms.
Unloading 3 Unused Serialized files (Serialized files now loaded: 0)
System memory in use before: 34.9 MB.
System memory in use after: 35.0 MB.

Unloading 3 unused Assets to reduce memory usage. Loaded Objects now: 1544.
Total: 2.615800 ms (FindLiveObjects: 0.316500 ms CreateObjectMapping: 0.096300 ms MarkObjects: 2.120900 ms  DeleteObjects: 0.080000 ms)

========================================================================
Received Prepare
Refreshing native plugins compatible for Editor in 0.90 ms, found 0 plugins.
Preloading 0 native plugins for Editor in 0.00 ms.
Unloading 3 Unused Serialized files (Serialized files now loaded: 0)
System memory in use before: 35.0 MB.
System memory in use after: 35.1 MB.

Unloading 3 unused Assets to reduce memory usage. Loaded Objects now: 1544.
Total: 1.920900 ms (FindLiveObjects: 0.163200 ms CreateObjectMapping: 0.034200 ms MarkObjects: 1.654600 ms  DeleteObjects: 0.067200 ms)

========================================================================
Received Import Request.
  Time since last request: 1597.950226 seconds.
  path: Assets/IMG_20200909_173715.jpg
  artifactKey: Guid(1e92c236db61d2c47aa1e8349cee8f11) Importer(815301076,1909f56bfc062723c751e8b465ee728b)
Start importing Assets/IMG_20200909_173715.jpg using Guid(1e92c236db61d2c47aa1e8349cee8f11) Importer(815301076,1909f56bfc062723c751e8b465ee728b)  -> (artifact id: '4b0665e147673a5dafe6e4c13f73a1ca') in 0.102714 seconds
  Import took 0.105803 seconds .

========================================================================
Received Import Request.
  Time since last request: 0.004708 seconds.
  path: Assets/IMG_20200909_173715.jpg
  artifactKey: Guid(1e92c236db61d2c47aa1e8349cee8f11) Importer(815301076,1909f56bfc062723c751e8b465ee728b)
Start importing Assets/IMG_20200909_173715.jpg using Guid(1e92c236db61d2c47aa1e8349cee8f11) Importer(815301076,1909f56bfc062723c751e8b465ee728b)  -> (artifact id: '4b0665e147673a5dafe6e4c13f73a1ca') in 0.088209 seconds
  Import took 0.092622 seconds .

========================================================================
Received Import Request.
  Time since last request: 34.113163 seconds.
  path: Assets/IMG_20200909_173715.png
  artifactKey: Guid(dd1e1d34950dd5d49990fd23f9319b53) Importer(815301076,1909f56bfc062723c751e8b465ee728b)
Start importing Assets/IMG_20200909_173715.png using Guid(dd1e1d34950dd5d49990fd23f9319b53) Importer(815301076,1909f56bfc062723c751e8b465ee728b)  -> (artifact id: 'd9372ee97e3916188a13d4412690d18d') in 0.042984 seconds
  Import took 0.045542 seconds .

========================================================================
Received Import Request.
  Time since last request: 70.815588 seconds.
  path: Assets/Scenes/IMG_20200909_173715.png
  artifactKey: Guid(7b5b9e7bc3e11d6478a15b148d13e494) Importer(815301076,1909f56bfc062723c751e8b465ee728b)
Start importing Assets/Scenes/IMG_20200909_173715.png using Guid(7b5b9e7bc3e11d6478a15b148d13e494) Importer(815301076,1909f56bfc062723c751e8b465ee728b)  -> (artifact id: '6e8c89f17fec3bff11a9d146b3c526ee') in 0.037159 seconds
  Import took 0.039773 seconds .

========================================================================
Received Import Request.
  Time since last request: 295.609744 seconds.
  path: Assets/IMG_20200909_173715 1.png
  artifactKey: Guid(09741abe88524f648ae5cebc7b7baaa0) Importer(815301076,1909f56bfc062723c751e8b465ee728b)
Start importing Assets/IMG_20200909_173715 1.png using Guid(09741abe88524f648ae5cebc7b7baaa0) Importer(815301076,1909f56bfc062723c751e8b465ee728b)  -> (artifact id: '0875709aa52eec4f0b126b813c89fb32') in 0.055766 seconds
  Import took 0.059126 seconds .

========================================================================
Received Import Request.
  Time since last request: 189.575429 seconds.
  path: Assets/IMG_20200909_173715 1.png
  artifactKey: Guid(09741abe88524f648ae5cebc7b7baaa0) Importer(815301076,1909f56bfc062723c751e8b465ee728b)
Start importing Assets/IMG_20200909_173715 1.png using Guid(09741abe88524f648ae5cebc7b7baaa0) Importer(815301076,1909f56bfc062723c751e8b465ee728b)  -> (artifact id: 'c8b6c9e5eb36167576c67b98cd991005') in 0.081011 seconds
  Import took 0.084425 seconds .

AssetImportWorkerClient::OnTransportError - code=2 error=End of file
