Using pre-set license
Built from '2020.2/staging' branch; Version is '2020.2.3f1 (8ff31bc5bf5b) revision 9433883'; Using compiler version '192528614'; Build Type 'Release'
OS: 'Windows 10 Home; OS build 18363.1379; Version 1909; 64bit' Language: 'en' Physical Memory: 16244 MB
BatchMode: 1, IsHumanControllingUs: 0, StartBugReporterOnCrash: 0, Is64bit: 1, IsPro: 0

 COMMAND LINE ARGUMENTS:
C:\Program Files\Unity\Hub\Editor\2020.2.3f1\Editor\Unity.exe
-adb2
-batchMode
-noUpm
-name
AssetImportWorker0
-projectPath
C:/Users/monon/OneDrive/Documents/GitHub/struvy/LiikkuvaKoulu1_1
-logFile
Logs/AssetImportWorker0.log
-srvPort
64203
Successfully changed project path to: C:/Users/monon/OneDrive/Documents/GitHub/struvy/LiikkuvaKoulu1_1
C:/Users/monon/OneDrive/Documents/GitHub/struvy/LiikkuvaKoulu1_1
Using Asset Import Pipeline V2.
Refreshing native plugins compatible for Editor in 28.68 ms, found 0 plugins.
Preloading 0 native plugins for Editor in 0.00 ms.
Initialize engine version: 2020.2.3f1 (8ff31bc5bf5b)
[Subsystems] Discovering subsystems at path C:/Program Files/Unity/Hub/Editor/2020.2.3f1/Editor/Data/Resources/UnitySubsystems
[Subsystems] Discovering subsystems at path C:/Users/monon/OneDrive/Documents/GitHub/struvy/LiikkuvaKoulu1_1/Assets
GfxDevice: creating device client; threaded=0
Direct3D:
    Version:  Direct3D 11.0 [level 11.1]
    Renderer: Intel(R) UHD Graphics 620 (ID=0x5917)
    Vendor:   
    VRAM:     8122 MB
    Driver:   27.20.100.8477
Initialize mono
Mono path[0] = 'C:/Program Files/Unity/Hub/Editor/2020.2.3f1/Editor/Data/Managed'
Mono path[1] = 'C:/Program Files/Unity/Hub/Editor/2020.2.3f1/Editor/Data/MonoBleedingEdge/lib/mono/unityjit'
Mono config path = 'C:/Program Files/Unity/Hub/Editor/2020.2.3f1/Editor/Data/MonoBleedingEdge/etc'
Using monoOptions --debugger-agent=transport=dt_socket,embedding=1,server=y,suspend=n,address=127.0.0.1:56288
Begin MonoManager ReloadAssembly
Registering precompiled unity dll's ...
Register platform support module: C:/Program Files/Unity/Hub/Editor/2020.2.3f1/Editor/Data/PlaybackEngines/WindowsStandaloneSupport/UnityEditor.WindowsStandalone.Extensions.dll
Registered in 0.002189 seconds.
Native extension for WindowsStandalone target not found
Refreshing native plugins compatible for Editor in 24.36 ms, found 0 plugins.
Preloading 0 native plugins for Editor in 0.00 ms.
Invoked RoslynAnalysisRunner static constructor.
RoslynAnalysisRunner will not be running.
RoslynAnalysisRunner has terminated.
Mono: successfully reloaded assembly
- Completed reload, in  1.818 seconds
Platform modules already initialized, skipping
Registering precompiled user dll's ...
Registered in 0.000835 seconds.
Begin MonoManager ReloadAssembly
Error: Could not load signature of Unity.Android.Logcat.AndroidLogcat:.ctor due to: Could not load file or assembly 'UnityEditor.Android.Extensions, Version=1.0.0.0, Culture=neutral, PublicKeyToken=null' or one of its dependencies. assembly:UnityEditor.Android.Extensions, Version=1.0.0.0, Culture=neutral, PublicKeyToken=null type:<unknown type> member:(null) signature:<none>

Unloading broken assembly Library/ScriptAssemblies/Unity.Mobile.AndroidLogcat.Editor.dll, this assembly can cause crashes in the runtime

Native extension for WindowsStandalone target not found
Refreshing native plugins compatible for Editor in 0.35 ms, found 0 plugins.
Preloading 0 native plugins for Editor in 0.00 ms.
Invoked RoslynAnalysisRunner static constructor.
RoslynAnalysisRunner will not be running.
RoslynAnalysisRunner has terminated.
Mono: successfully reloaded assembly
- Completed reload, in  0.805 seconds
Platform modules already initialized, skipping
========================================================================
Worker process is ready to serve import requests
Launched and connected shader compiler UnityShaderCompiler.exe after 0.05 seconds
Refreshing native plugins compatible for Editor in 0.29 ms, found 0 plugins.
Preloading 0 native plugins for Editor in 0.00 ms.
Unloading 1204 Unused Serialized files (Serialized files now loaded: 0)
System memory in use before: 59.6 MB.
System memory in use after: 59.6 MB.

Unloading 22 unused Assets to reduce memory usage. Loaded Objects now: 1634.
Total: 2.115300 ms (FindLiveObjects: 0.153500 ms CreateObjectMapping: 0.030500 ms MarkObjects: 1.827600 ms  DeleteObjects: 0.102700 ms)

========================================================================
Received Import Request.
  path: Assets/Suomikarttareittiharmaalla.png
  artifactKey: Guid(7ef433006507e21459edb25577409576) Importer(815301076,1909f56bfc062723c751e8b465ee728b)
Start importing Assets/Suomikarttareittiharmaalla.png using Guid(7ef433006507e21459edb25577409576) Importer(815301076,1909f56bfc062723c751e8b465ee728b)  -> (artifact id: '9a5e86927d343fd346d80f41d144bbc2') in 0.126191 seconds
  Import took 0.128499 seconds .

========================================================================
Received Import Request.
  Time since last request: 61.639486 seconds.
  path: Assets/Suomikarttareittiharmaalla.png
  artifactKey: Guid(7ef433006507e21459edb25577409576) Importer(815301076,1909f56bfc062723c751e8b465ee728b)
Start importing Assets/Suomikarttareittiharmaalla.png using Guid(7ef433006507e21459edb25577409576) Importer(815301076,1909f56bfc062723c751e8b465ee728b)  -> (artifact id: '7cb3248a9ae851cb2f00609f6f64ab15') in 0.068035 seconds
  Import took 0.070567 seconds .

========================================================================
Received Import Request.
  Time since last request: 123.012032 seconds.
  path: Assets/Scenes/PaavalikkoMenu.unity
  artifactKey: Guid(ddcc36054f9142541a0c5e3651eea10d) Importer(815301076,1909f56bfc062723c751e8b465ee728b)
Start importing Assets/Scenes/PaavalikkoMenu.unity using Guid(ddcc36054f9142541a0c5e3651eea10d) Importer(815301076,1909f56bfc062723c751e8b465ee728b)  -> (artifact id: '17c097683e284755c5c0adeb435a6e5a') in 0.028473 seconds
  Import took 0.031197 seconds .

========================================================================
Received Import Request.
  Time since last request: 114.931576 seconds.
  path: Assets/Scenes/Pelinakyma.unity
  artifactKey: Guid(3026c451a326b3c4194e1045574e09fb) Importer(815301076,1909f56bfc062723c751e8b465ee728b)
Start importing Assets/Scenes/Pelinakyma.unity using Guid(3026c451a326b3c4194e1045574e09fb) Importer(815301076,1909f56bfc062723c751e8b465ee728b)  -> (artifact id: '7e5fe9b39d85ce3606af6c131852c649') in 0.028573 seconds
  Import took 0.030857 seconds .

========================================================================
Received Prepare
Registering precompiled user dll's ...
Registered in 0.000963 seconds.
Begin MonoManager ReloadAssembly
Error: Could not load signature of Unity.Android.Logcat.AndroidLogcat:.ctor due to: Could not load file or assembly 'UnityEditor.Android.Extensions, Version=1.0.0.0, Culture=neutral, PublicKeyToken=null' or one of its dependencies. assembly:UnityEditor.Android.Extensions, Version=1.0.0.0, Culture=neutral, PublicKeyToken=null type:<unknown type> member:(null) signature:<none>

Unloading broken assembly Library/ScriptAssemblies/Unity.Mobile.AndroidLogcat.Editor.dll, this assembly can cause crashes in the runtime

Native extension for WindowsStandalone target not found
Refreshing native plugins compatible for Editor in 0.36 ms, found 0 plugins.
Preloading 0 native plugins for Editor in 0.00 ms.
Invoked RoslynAnalysisRunner static constructor.
RoslynAnalysisRunner will not be running.
RoslynAnalysisRunner has terminated.
Mono: successfully reloaded assembly
- Completed reload, in  0.750 seconds
Platform modules already initialized, skipping
Refreshing native plugins compatible for Editor in 0.53 ms, found 0 plugins.
Preloading 0 native plugins for Editor in 0.00 ms.
Unloading 1198 Unused Serialized files (Serialized files now loaded: 0)
System memory in use before: 62.5 MB.
System memory in use after: 62.6 MB.

Unloading 17 unused Assets to reduce memory usage. Loaded Objects now: 1643.
Total: 3.081700 ms (FindLiveObjects: 0.304600 ms CreateObjectMapping: 0.085300 ms MarkObjects: 2.629500 ms  DeleteObjects: 0.060600 ms)

========================================================================
Received Import Request.
  Time since last request: 869.317384 seconds.
  path: Assets/Koiravalikkopainike.png
  artifactKey: Guid(270efa1ac04d00f478beea4b72b7923e) Importer(815301076,1909f56bfc062723c751e8b465ee728b)
Start importing Assets/Koiravalikkopainike.png using Guid(270efa1ac04d00f478beea4b72b7923e) Importer(815301076,1909f56bfc062723c751e8b465ee728b)  -> (artifact id: '9a7a3e00845e98ef36a62f049e43152f') in 0.060186 seconds
  Import took 0.062867 seconds .

========================================================================
Received Import Request.
  Time since last request: 18.036683 seconds.
  path: Assets/Koiravalikkopainike.png
  artifactKey: Guid(270efa1ac04d00f478beea4b72b7923e) Importer(815301076,1909f56bfc062723c751e8b465ee728b)
Start importing Assets/Koiravalikkopainike.png using Guid(270efa1ac04d00f478beea4b72b7923e) Importer(815301076,1909f56bfc062723c751e8b465ee728b)  -> (artifact id: '5bcb651e80eab0022a83cef53e1e90ce') in 0.055471 seconds
  Import took 0.057755 seconds .

AssetImportWorkerClient::OnTransportError - code=2 error=End of file
