Using pre-set license
Built from '2020.2/staging' branch; Version is '2020.2.3f1 (8ff31bc5bf5b) revision 9433883'; Using compiler version '192528614'; Build Type 'Release'
OS: 'Windows 10 Home; OS build 19041.804; Version 2004; 64bit' Language: 'en' Physical Memory: 8081 MB
BatchMode: 1, IsHumanControllingUs: 0, StartBugReporterOnCrash: 0, Is64bit: 1, IsPro: 0

 COMMAND LINE ARGUMENTS:
C:\Program Files\Unity\Hub\Editor\2020.2.3f1\Editor\Unity.exe
-adb2
-batchMode
-noUpm
-name
AssetImportWorker0
-projectPath
C:/Users/HP Omen/Desktop/Struvy/struvy/LiikkuvaKoulu1_1
-logFile
Logs/AssetImportWorker0.log
-srvPort
51497
Successfully changed project path to: C:/Users/HP Omen/Desktop/Struvy/struvy/LiikkuvaKoulu1_1
C:/Users/HP Omen/Desktop/Struvy/struvy/LiikkuvaKoulu1_1
Using Asset Import Pipeline V2.
Refreshing native plugins compatible for Editor in 39.77 ms, found 0 plugins.
Preloading 0 native plugins for Editor in 0.00 ms.
Initialize engine version: 2020.2.3f1 (8ff31bc5bf5b)
[Subsystems] Discovering subsystems at path C:/Program Files/Unity/Hub/Editor/2020.2.3f1/Editor/Data/Resources/UnitySubsystems
[Subsystems] Discovering subsystems at path C:/Users/HP Omen/Desktop/Struvy/struvy/LiikkuvaKoulu1_1/Assets
GfxDevice: creating device client; threaded=0
Direct3D:
    Version:  Direct3D 11.0 [level 11.0]
    Renderer: NVIDIA GeForce GTX 960M (ID=0x139b)
    Vendor:   
    VRAM:     4053 MB
    Driver:   27.21.14.5763
Initialize mono
Mono path[0] = 'C:/Program Files/Unity/Hub/Editor/2020.2.3f1/Editor/Data/Managed'
Mono path[1] = 'C:/Program Files/Unity/Hub/Editor/2020.2.3f1/Editor/Data/MonoBleedingEdge/lib/mono/unityjit'
Mono config path = 'C:/Program Files/Unity/Hub/Editor/2020.2.3f1/Editor/Data/MonoBleedingEdge/etc'
Using monoOptions --debugger-agent=transport=dt_socket,embedding=1,server=y,suspend=n,address=127.0.0.1:56200
Begin MonoManager ReloadAssembly
Registering precompiled unity dll's ...
Register platform support module: C:/Program Files/Unity/Hub/Editor/2020.2.3f1/Editor/Data/PlaybackEngines/WindowsStandaloneSupport/UnityEditor.WindowsStandalone.Extensions.dll
Registered in 0.002029 seconds.
Native extension for WindowsStandalone target not found
Refreshing native plugins compatible for Editor in 90.84 ms, found 0 plugins.
Preloading 0 native plugins for Editor in 0.00 ms.
Invoked RoslynAnalysisRunner static constructor.
RoslynAnalysisRunner will not be running.
RoslynAnalysisRunner has terminated.
Mono: successfully reloaded assembly
- Completed reload, in  2.338 seconds
Platform modules already initialized, skipping
Registering precompiled user dll's ...
Registered in 0.000800 seconds.
Begin MonoManager ReloadAssembly
Native extension for WindowsStandalone target not found
Refreshing native plugins compatible for Editor in 0.35 ms, found 0 plugins.
Preloading 0 native plugins for Editor in 0.00 ms.
Invoked RoslynAnalysisRunner static constructor.
RoslynAnalysisRunner will not be running.
RoslynAnalysisRunner has terminated.
Mono: successfully reloaded assembly
- Completed reload, in  1.109 seconds
Platform modules already initialized, skipping
========================================================================
Worker process is ready to serve import requests
Launched and connected shader compiler UnityShaderCompiler.exe after 0.07 seconds
Refreshing native plugins compatible for Editor in 0.36 ms, found 0 plugins.
Preloading 0 native plugins for Editor in 0.00 ms.
Unloading 1207 Unused Serialized files (Serialized files now loaded: 0)
System memory in use before: 59.6 MB.
System memory in use after: 59.7 MB.

Unloading 22 unused Assets to reduce memory usage. Loaded Objects now: 1637.
Total: 2.514700 ms (FindLiveObjects: 0.433400 ms CreateObjectMapping: 0.044000 ms MarkObjects: 1.861400 ms  DeleteObjects: 0.174300 ms)

========================================================================
Received Import Request.
  path: Assets/Koiratarra.png
  artifactKey: Guid(c734c611591d0864a8ee971ac73ec87a) Importer(815301076,1909f56bfc062723c751e8b465ee728b)
Start importing Assets/Koiratarra.png using Guid(c734c611591d0864a8ee971ac73ec87a) Importer(815301076,1909f56bfc062723c751e8b465ee728b)  -> (artifact id: 'fdd1936f32cb61987dba3ac18043263d') in 0.190355 seconds
  Import took 0.193526 seconds .

========================================================================
Received Import Request.
  Time since last request: 0.000726 seconds.
  path: Assets/IMG_20200909_173715 1.png
  artifactKey: Guid(4280403f1fc367446992d2e570086c11) Importer(815301076,1909f56bfc062723c751e8b465ee728b)
Start importing Assets/IMG_20200909_173715 1.png using Guid(4280403f1fc367446992d2e570086c11) Importer(815301076,1909f56bfc062723c751e8b465ee728b)  -> (artifact id: 'da9c2cd8dcad561bce1c986733ad261e') in 0.071681 seconds
  Import took 0.074102 seconds .

========================================================================
Received Prepare
Registering precompiled user dll's ...
Registered in 0.000848 seconds.
Begin MonoManager ReloadAssembly
Native extension for WindowsStandalone target not found
Refreshing native plugins compatible for Editor in 0.55 ms, found 0 plugins.
Preloading 0 native plugins for Editor in 0.00 ms.
Invoked RoslynAnalysisRunner static constructor.
RoslynAnalysisRunner will not be running.
RoslynAnalysisRunner has terminated.
Mono: successfully reloaded assembly
- Completed reload, in  1.156 seconds
Platform modules already initialized, skipping
Refreshing native plugins compatible for Editor in 0.42 ms, found 0 plugins.
Preloading 0 native plugins for Editor in 0.00 ms.
Unloading 1202 Unused Serialized files (Serialized files now loaded: 0)
System memory in use before: 62.6 MB.
System memory in use after: 62.7 MB.

Unloading 17 unused Assets to reduce memory usage. Loaded Objects now: 1648.
Total: 3.170400 ms (FindLiveObjects: 0.215000 ms CreateObjectMapping: 0.064500 ms MarkObjects: 2.847300 ms  DeleteObjects: 0.041200 ms)

========================================================================
Received Prepare
Registering precompiled user dll's ...
Registered in 0.000758 seconds.
Begin MonoManager ReloadAssembly
Native extension for WindowsStandalone target not found
Refreshing native plugins compatible for Editor in 0.41 ms, found 0 plugins.
Preloading 0 native plugins for Editor in 0.00 ms.
Invoked RoslynAnalysisRunner static constructor.
RoslynAnalysisRunner will not be running.
RoslynAnalysisRunner has terminated.
Mono: successfully reloaded assembly
- Completed reload, in  1.118 seconds
Platform modules already initialized, skipping
Refreshing native plugins compatible for Editor in 0.42 ms, found 0 plugins.
Preloading 0 native plugins for Editor in 0.00 ms.
Unloading 1202 Unused Serialized files (Serialized files now loaded: 0)
System memory in use before: 62.6 MB.
System memory in use after: 62.7 MB.

Unloading 17 unused Assets to reduce memory usage. Loaded Objects now: 1650.
Total: 2.732700 ms (FindLiveObjects: 0.285200 ms CreateObjectMapping: 0.063200 ms MarkObjects: 2.276500 ms  DeleteObjects: 0.106100 ms)

========================================================================
Received Import Request.
  Time since last request: 102.374522 seconds.
  path: Assets/Scripts/KirjauduSisaan.cs
  artifactKey: Guid(593ea13de040cfd49a66ba06aeb513c7) Importer(815301076,1909f56bfc062723c751e8b465ee728b)
Start importing Assets/Scripts/KirjauduSisaan.cs using Guid(593ea13de040cfd49a66ba06aeb513c7) Importer(815301076,1909f56bfc062723c751e8b465ee728b)  -> (artifact id: '150421a6538ee3dbeeb5c9f4628e2af2') in 0.024370 seconds
  Import took 0.026693 seconds .

========================================================================
Received Import Request.
  Time since last request: 0.000371 seconds.
  path: Assets/Scripts
  artifactKey: Guid(3f6fbfbbf06e5c64fa19d6604aa2b261) Importer(815301076,1909f56bfc062723c751e8b465ee728b)
Start importing Assets/Scripts using Guid(3f6fbfbbf06e5c64fa19d6604aa2b261) Importer(815301076,1909f56bfc062723c751e8b465ee728b)  -> (artifact id: '2dd6efc865faa9dd2d635cfad6c5585f') in 0.035642 seconds
  Import took 0.038145 seconds .

========================================================================
Received Import Request.
  Time since last request: 6.115091 seconds.
  path: Assets/Scripts/QuizManager.cs
  artifactKey: Guid(ca6761e23a4f1de4bacbd85a56b1debf) Importer(815301076,1909f56bfc062723c751e8b465ee728b)
Start importing Assets/Scripts/QuizManager.cs using Guid(ca6761e23a4f1de4bacbd85a56b1debf) Importer(815301076,1909f56bfc062723c751e8b465ee728b)  -> (artifact id: 'e3e1d3f2801bcd87345d7a93c73974fd') in 0.021746 seconds
  Import took 0.024403 seconds .

========================================================================
Received Import Request.
  Time since last request: 136.041016 seconds.
  path: Assets/Scripts/QuestionsAndAnswers.cs
  artifactKey: Guid(2b3badcffe0e0b54793880d6d9f2b5f0) Importer(815301076,1909f56bfc062723c751e8b465ee728b)
Start importing Assets/Scripts/QuestionsAndAnswers.cs using Guid(2b3badcffe0e0b54793880d6d9f2b5f0) Importer(815301076,1909f56bfc062723c751e8b465ee728b)  -> (artifact id: '673dd8f2739a416b382f9cd333c665ac') in 0.021390 seconds
  Import took 0.026527 seconds .

========================================================================
Received Prepare
Registering precompiled user dll's ...
Registered in 0.000819 seconds.
Begin MonoManager ReloadAssembly
Native extension for WindowsStandalone target not found
Refreshing native plugins compatible for Editor in 0.39 ms, found 0 plugins.
Preloading 0 native plugins for Editor in 0.00 ms.
Invoked RoslynAnalysisRunner static constructor.
RoslynAnalysisRunner will not be running.
RoslynAnalysisRunner has terminated.
Mono: successfully reloaded assembly
- Completed reload, in  1.429 seconds
Platform modules already initialized, skipping
Refreshing native plugins compatible for Editor in 0.40 ms, found 0 plugins.
Preloading 0 native plugins for Editor in 0.00 ms.
Unloading 1203 Unused Serialized files (Serialized files now loaded: 0)
System memory in use before: 62.6 MB.
System memory in use after: 62.7 MB.

Unloading 17 unused Assets to reduce memory usage. Loaded Objects now: 1653.
Total: 5.763500 ms (FindLiveObjects: 0.321200 ms CreateObjectMapping: 0.120900 ms MarkObjects: 5.255900 ms  DeleteObjects: 0.062200 ms)

========================================================================
Received Import Request.
  Time since last request: 543.168545 seconds.
  path: Assets/Scripts/QuestionsAndAnswers.cs
  artifactKey: Guid(2b3badcffe0e0b54793880d6d9f2b5f0) Importer(815301076,1909f56bfc062723c751e8b465ee728b)
Start importing Assets/Scripts/QuestionsAndAnswers.cs using Guid(2b3badcffe0e0b54793880d6d9f2b5f0) Importer(815301076,1909f56bfc062723c751e8b465ee728b)  -> (artifact id: '973c5bcaf4a595891a6bec028f772497') in 0.023664 seconds
  Import took 0.035312 seconds .

========================================================================
Received Import Request.
  Time since last request: 9.221803 seconds.
  path: Assets/Scripts/AnswerScript.cs
  artifactKey: Guid(2a37c3eb77c32d34281d657b828fc877) Importer(815301076,1909f56bfc062723c751e8b465ee728b)
Start importing Assets/Scripts/AnswerScript.cs using Guid(2a37c3eb77c32d34281d657b828fc877) Importer(815301076,1909f56bfc062723c751e8b465ee728b)  -> (artifact id: '0d46d5e243b3d64b4480b9cabd965bef') in 0.019461 seconds
  Import took 0.022676 seconds .

========================================================================
Received Import Request.
  Time since last request: 638.613863 seconds.
  path: Assets/Scripts/AnswerScript.cs
  artifactKey: Guid(2a37c3eb77c32d34281d657b828fc877) Importer(815301076,1909f56bfc062723c751e8b465ee728b)
Start importing Assets/Scripts/AnswerScript.cs using Guid(2a37c3eb77c32d34281d657b828fc877) Importer(815301076,1909f56bfc062723c751e8b465ee728b)  -> (artifact id: '8d6120d27cbca047d844eb6fbff195e4') in 0.012728 seconds
  Import took 0.016478 seconds .

========================================================================
Received Import Request.
  Time since last request: 84.393140 seconds.
  path: Assets/Scripts/AnswerScript.cs
  artifactKey: Guid(2a37c3eb77c32d34281d657b828fc877) Importer(815301076,1909f56bfc062723c751e8b465ee728b)
Start importing Assets/Scripts/AnswerScript.cs using Guid(2a37c3eb77c32d34281d657b828fc877) Importer(815301076,1909f56bfc062723c751e8b465ee728b)  -> (artifact id: '9ff31edb63dcf3dba1a15ed463f1272e') in 0.011981 seconds
  Import took 0.015117 seconds .

========================================================================
Received Import Request.
  Time since last request: 139.073465 seconds.
  path: Assets/AnswerScript.cs
  artifactKey: Guid(981e566a33b4dab4ead1f2ea982c50af) Importer(815301076,1909f56bfc062723c751e8b465ee728b)
Start importing Assets/AnswerScript.cs using Guid(981e566a33b4dab4ead1f2ea982c50af) Importer(815301076,1909f56bfc062723c751e8b465ee728b)  -> (artifact id: 'e2f40ecade4da54126751dea7d166c2f') in 0.010368 seconds
  Import took 0.013804 seconds .

========================================================================
Received Import Request.
  Time since last request: 142.158048 seconds.
  path: Assets/Scripts/AnswerScript.cs
  artifactKey: Guid(981e566a33b4dab4ead1f2ea982c50af) Importer(815301076,1909f56bfc062723c751e8b465ee728b)
Start importing Assets/Scripts/AnswerScript.cs using Guid(981e566a33b4dab4ead1f2ea982c50af) Importer(815301076,1909f56bfc062723c751e8b465ee728b)  -> (artifact id: '72d8c88cfc9c72f206f212b34510fc2f') in 0.010123 seconds
  Import took 0.014061 seconds .

========================================================================
Received Import Request.
  Time since last request: 0.001706 seconds.
  path: Assets/Scripts/AnswerScript.cs
  artifactKey: Guid(981e566a33b4dab4ead1f2ea982c50af) Importer(815301076,1909f56bfc062723c751e8b465ee728b)
Start importing Assets/Scripts/AnswerScript.cs using Guid(981e566a33b4dab4ead1f2ea982c50af) Importer(815301076,1909f56bfc062723c751e8b465ee728b)  -> (artifact id: '72d8c88cfc9c72f206f212b34510fc2f') in 0.011919 seconds
  Import took 0.015261 seconds .

========================================================================
Received Import Request.
  Time since last request: 352.792245 seconds.
  path: Assets/AnswerScript.cs
  artifactKey: Guid(b7cc63394ededa74790a5959d8bb317d) Importer(815301076,1909f56bfc062723c751e8b465ee728b)
Start importing Assets/AnswerScript.cs using Guid(b7cc63394ededa74790a5959d8bb317d) Importer(815301076,1909f56bfc062723c751e8b465ee728b)  -> (artifact id: 'f9ee672d494e9514b8111ec1bc7860c5') in 0.011408 seconds
  Import took 0.015048 seconds .

AssetImportWorkerClient::OnTransportError - code=2 error=End of file
